$this->math_use = bcmath5;
$this->md4_use = mhash;
$number = 712C666D20461A78FAEBF43BEECE53ED4C2074656879E2A07B339D79D4BB1503BFC04172BB6F31C69083AC25E6009C0069022A6CC8135DEB0C5508FF772EEB915F40;
$decval = 17015856671840270814703083166700832466708434688398159492865869052254429702469005692375490954536945473805928459606366900422209404630631833578331839995415282199;
$number = D2DBA0476FBDFA3FA1920E5B6A01DB0C0DF2187AF581E3CC63793022530369E1865F4E1BBBE42E99179EC13C40CD81B45904132C099F49D121237CB8978867BE4B62;
$decval = 132856893168878908392858107806337797552646496659719421901212009234324825735155514752953659007046051762015837573054234373280857210927786352136954540661039349037;
$this->math_use = bcmath5;
$this->md4_use = mhash;
$number = 712C666D20461A78FAEBF43BEECE53ED4C2074656879E2A07B339D79D4BB1503BFC04172BB6F31C69083AC25E6009C0069022A6CC8135DEB0C5508FF772EEB915F40;
$decval = 17015856671840270814703083166700832466708434688398159492865869052254429702469005692375490954536945473805928459606366900422209404630631833578331839995415282199;
$number = D2DBA0476FBDFA3FA1920E5B6A01DB0C0DF2187AF581E3CC63793022530369E1865F4E1BBBE42E99179EC13C40CD81B45904132C099F49D121237CB8978867BE4B62;
$decval = 132856893168878908392858107806337797552646496659719421901212009234324825735155514752953659007046051762015837573054234373280857210927786352136954540661039349037;
$this->math_use = bcmath5;
$this->md4_use = mhash;
$number = 712C666D20461A78FAEBF43BEECE53ED4C2074656879E2A07B339D79D4BB1503BFC04172BB6F31C69083AC25E6009C0069022A6CC8135DEB0C5508FF772EEB915F40;
$decval = 17015856671840270814703083166700832466708434688398159492865869052254429702469005692375490954536945473805928459606366900422209404630631833578331839995415282199;
$number = D2DBA0476FBDFA3FA1920E5B6A01DB0C0DF2187AF581E3CC63793022530369E1865F4E1BBBE42E99179EC13C40CD81B45904132C099F49D121237CB8978867BE4B62;
$decval = 132856893168878908392858107806337797552646496659719421901212009234324825735155514752953659007046051762015837573054234373280857210927786352136954540661039349037;
$ekey = 17015856671840270814703083166700832466708434688398159492865869052254429702469005692375490954536945473805928459606366900422209404630631833578331839995415282199;
$nkey = 132856893168878908392858107806337797552646496659719421901212009234324825735155514752953659007046051762015837573054234373280857210927786352136954540661039349037;
$number = 8300529ABC23B78E98C3EBF7C325DD9047C900000000000000000000000000000000000000000000000000000000000000000000000000000000;
$decval = 13629002472134945950903173633932336323428408;
$m = 13629002472134945950903173633932336323428408;
$a = 14065683473970686629047568828308858960110072564932360731803996794116930151304340192656927809652567041373505704561317339735338063960373834093751261864654216730;
$hexval = 0419110CACE548A866673209EFE749105387A3BD21D11F01AA6ED9D26A89CD4F3BF01DF9E366D658D73CD3C03B980FCA313353D3CEE5CB6729A75800EB7DE9971E1A;
$result = 1e1ae997eb7d580029a7cb67cee553d331330fca3b98d3c0d73cd658e3661df93bf0cd4f6a89d9d2aa6e1f0121d1a3bd53874910efe73209666748a8ace5110c0419;
<?xml version="1.0"?>
<w3s.request><reqn>141004359529170</reqn><wmid>664936584080</wmid><sign>1e1ae997eb7d580029a7cb67cee553d331330fca3b98d3c0d73cd658e3661df93bf0cd4f6a89d9d2aa6e1f0121d1a3bd53874910efe73209666748a8ace5110c0419</sign><trans><tranid>2</tranid><pursesrc>R408800828608</pursesrc><pursedest>R</pursedest><amount></amount><period>0</period><pcode></pcode><desc>&#x412;&#x44B;&#x432;&#x43E;&#x434; &#x441;&#x440;&#x435;&#x434;&#x441;&#x442;&#x432; #2 (Buy-Script.Ru)</desc><wminvid>0</wminvid><onlyauth>1</onlyauth></trans></w3s.request>

<?xml version="1.0" encoding="windows-1251"?><w3s.response><reqn>141004359529170</reqn><retval>-5</retval><retdesc>value of w3s.request/trans/pursedest  is incorrect step=4</retdesc></w3s.response>

$this->math_use = bcmath5;
$this->md4_use = mhash;
$number = 712C666D20461A78FAEBF43BEECE53ED4C2074656879E2A07B339D79D4BB1503BFC04172BB6F31C69083AC25E6009C0069022A6CC8135DEB0C5508FF772EEB915F40;
$decval = 17015856671840270814703083166700832466708434688398159492865869052254429702469005692375490954536945473805928459606366900422209404630631833578331839995415282199;
$number = D2DBA0476FBDFA3FA1920E5B6A01DB0C0DF2187AF581E3CC63793022530369E1865F4E1BBBE42E99179EC13C40CD81B45904132C099F49D121237CB8978867BE4B62;
$decval = 132856893168878908392858107806337797552646496659719421901212009234324825735155514752953659007046051762015837573054234373280857210927786352136954540661039349037;
$this->math_use = bcmath5;
$this->md4_use = mhash;
$number = 712C666D20461A78FAEBF43BEECE53ED4C2074656879E2A07B339D79D4BB1503BFC04172BB6F31C69083AC25E6009C0069022A6CC8135DEB0C5508FF772EEB915F40;
$decval = 17015856671840270814703083166700832466708434688398159492865869052254429702469005692375490954536945473805928459606366900422209404630631833578331839995415282199;
$number = D2DBA0476FBDFA3FA1920E5B6A01DB0C0DF2187AF581E3CC63793022530369E1865F4E1BBBE42E99179EC13C40CD81B45904132C099F49D121237CB8978867BE4B62;
$decval = 132856893168878908392858107806337797552646496659719421901212009234324825735155514752953659007046051762015837573054234373280857210927786352136954540661039349037;
$this->math_use = bcmath5;
$this->md4_use = mhash;
$number = 712C666D20461A78FAEBF43BEECE53ED4C2074656879E2A07B339D79D4BB1503BFC04172BB6F31C69083AC25E6009C0069022A6CC8135DEB0C5508FF772EEB915F40;
$decval = 17015856671840270814703083166700832466708434688398159492865869052254429702469005692375490954536945473805928459606366900422209404630631833578331839995415282199;
$number = D2DBA0476FBDFA3FA1920E5B6A01DB0C0DF2187AF581E3CC63793022530369E1865F4E1BBBE42E99179EC13C40CD81B45904132C099F49D121237CB8978867BE4B62;
$decval = 132856893168878908392858107806337797552646496659719421901212009234324825735155514752953659007046051762015837573054234373280857210927786352136954540661039349037;
$this->math_use = bcmath5;
$this->md4_use = mhash;
$number = 712C666D20461A78FAEBF43BEECE53ED4C2074656879E2A07B339D79D4BB1503BFC04172BB6F31C69083AC25E6009C0069022A6CC8135DEB0C5508FF772EEB915F40;
$decval = 17015856671840270814703083166700832466708434688398159492865869052254429702469005692375490954536945473805928459606366900422209404630631833578331839995415282199;
$number = D2DBA0476FBDFA3FA1920E5B6A01DB0C0DF2187AF581E3CC63793022530369E1865F4E1BBBE42E99179EC13C40CD81B45904132C099F49D121237CB8978867BE4B62;
$decval = 132856893168878908392858107806337797552646496659719421901212009234324825735155514752953659007046051762015837573054234373280857210927786352136954540661039349037;
$this->math_use = bcmath5;
$this->md4_use = mhash;
$number = 712C666D20461A78FAEBF43BEECE53ED4C2074656879E2A07B339D79D4BB1503BFC04172BB6F31C69083AC25E6009C0069022A6CC8135DEB0C5508FF772EEB915F40;
$decval = 17015856671840270814703083166700832466708434688398159492865869052254429702469005692375490954536945473805928459606366900422209404630631833578331839995415282199;
$number = D2DBA0476FBDFA3FA1920E5B6A01DB0C0DF2187AF581E3CC63793022530369E1865F4E1BBBE42E99179EC13C40CD81B45904132C099F49D121237CB8978867BE4B62;
$decval = 132856893168878908392858107806337797552646496659719421901212009234324825735155514752953659007046051762015837573054234373280857210927786352136954540661039349037;
$this->math_use = bcmath5;
$this->md4_use = mhash;
$number = 712C666D20461A78FAEBF43BEECE53ED4C2074656879E2A07B339D79D4BB1503BFC04172BB6F31C69083AC25E6009C0069022A6CC8135DEB0C5508FF772EEB915F40;
$decval = 17015856671840270814703083166700832466708434688398159492865869052254429702469005692375490954536945473805928459606366900422209404630631833578331839995415282199;
$number = D2DBA0476FBDFA3FA1920E5B6A01DB0C0DF2187AF581E3CC63793022530369E1865F4E1BBBE42E99179EC13C40CD81B45904132C099F49D121237CB8978867BE4B62;
$decval = 132856893168878908392858107806337797552646496659719421901212009234324825735155514752953659007046051762015837573054234373280857210927786352136954540661039349037;
$this->math_use = bcmath5;
$this->md4_use = mhash;
$number = 712C666D20461A78FAEBF43BEECE53ED4C2074656879E2A07B339D79D4BB1503BFC04172BB6F31C69083AC25E6009C0069022A6CC8135DEB0C5508FF772EEB915F40;
$decval = 17015856671840270814703083166700832466708434688398159492865869052254429702469005692375490954536945473805928459606366900422209404630631833578331839995415282199;
$number = D2DBA0476FBDFA3FA1920E5B6A01DB0C0DF2187AF581E3CC63793022530369E1865F4E1BBBE42E99179EC13C40CD81B45904132C099F49D121237CB8978867BE4B62;
$decval = 132856893168878908392858107806337797552646496659719421901212009234324825735155514752953659007046051762015837573054234373280857210927786352136954540661039349037;
$this->math_use = bcmath5;
$this->md4_use = mhash;
$number = 712C666D20461A78FAEBF43BEECE53ED4C2074656879E2A07B339D79D4BB1503BFC04172BB6F31C69083AC25E6009C0069022A6CC8135DEB0C5508FF772EEB915F40;
$decval = 17015856671840270814703083166700832466708434688398159492865869052254429702469005692375490954536945473805928459606366900422209404630631833578331839995415282199;
$number = D2DBA0476FBDFA3FA1920E5B6A01DB0C0DF2187AF581E3CC63793022530369E1865F4E1BBBE42E99179EC13C40CD81B45904132C099F49D121237CB8978867BE4B62;
$decval = 132856893168878908392858107806337797552646496659719421901212009234324825735155514752953659007046051762015837573054234373280857210927786352136954540661039349037;
