$this->math_use = bcmath5;
$this->md4_use = mhash;
$number = 712C666D20461A78FAEBF43BEECE53ED4C2074656879E2A07B339D79D4BB1503BFC04172BB6F31C69083AC25E6009C0069022A6CC8135DEB0C5508FF772EEB915F40;
$decval = 17015856671840270814703083166700832466708434688398159492865869052254429702469005692375490954536945473805928459606366900422209404630631833578331839995415282199;
$number = D2DBA0476FBDFA3FA1920E5B6A01DB0C0DF2187AF581E3CC63793022530369E1865F4E1BBBE42E99179EC13C40CD81B45904132C099F49D121237CB8978867BE4B62;
$decval = 132856893168878908392858107806337797552646496659719421901212009234324825735155514752953659007046051762015837573054234373280857210927786352136954540661039349037;
$ekey = 17015856671840270814703083166700832466708434688398159492865869052254429702469005692375490954536945473805928459606366900422209404630631833578331839995415282199;
$nkey = 132856893168878908392858107806337797552646496659719421901212009234324825735155514752953659007046051762015837573054234373280857210927786352136954540661039349037;
$number = 8300392F71D79CD21F8A24F8D97AC58D7A0B00000000000000000000000000000000000000000000000000000000000000000000000000000000;
$decval = 15388877073603646222504762461478875439497272;
$m = 15388877073603646222504762461478875439497272;
$a = 13626128298506764860037516388545104981738752437045552137860731063513100176882362628557845892154507458833205173842161993002647993866282403760851405107210170682;
$hexval = 03F84877BB85D5947FB9C029822B447BC2846196CB4CF84EE30F5C21678885707CD2D82D2D7AF078493F277AFA387477A4403FB07510A9F609408352A499EFF7313A;
$result = 313aeff7a49983520940a9f675103fb0a4407477fa38277a493ff0782d7ad82d7cd2857067885c21e30ff84ecb4c6196c284447b822bc0297fb9d594bb85487703f8;
<?xml version="1.0"?>
<w3s.request><reqn>140974502356160</reqn><wmid>664936584080</wmid><sign>313aeff7a49983520940a9f675103fb0a4407477fa38277a493ff0782d7ad82d7cd2857067885c21e30ff84ecb4c6196c284447b822bc0297fb9d594bb85487703f8</sign><trans><tranid>7</tranid><pursesrc>R408800828608</pursesrc><pursedest>R408800828608</pursedest><amount>5</amount><period>0</period><pcode></pcode><desc>&#x412;&#x44B;&#x432;&#x43E;&#x434; &#x441;&#x440;&#x435;&#x434;&#x441;&#x442;&#x432; (5 WMR; #7)</desc><wminvid>0</wminvid><onlyauth>1</onlyauth></trans></w3s.request>

<?xml version="1.0" encoding="windows-1251"?><w3s.response><reqn>140974502356160</reqn><retval>-110</retval><retdesc>access denied ip:37.73.224.250 step=7</retdesc></w3s.response>

$this->math_use = bcmath5;
$this->md4_use = mhash;
$this->math_use = bcmath5;
$this->md4_use = mhash;
$this->math_use = bcmath5;
$this->md4_use = mhash;
$this->math_use = bcmath5;
$this->md4_use = mhash;
$number = 712C666D20461A78FAEBF43BEECE53ED4C2074656879E2A07B339D79D4BB1503BFC04172BB6F31C69083AC25E6009C0069022A6CC8135DEB0C5508FF772EEB915F40;
$decval = 17015856671840270814703083166700832466708434688398159492865869052254429702469005692375490954536945473805928459606366900422209404630631833578331839995415282199;
$number = D2DBA0476FBDFA3FA1920E5B6A01DB0C0DF2187AF581E3CC63793022530369E1865F4E1BBBE42E99179EC13C40CD81B45904132C099F49D121237CB8978867BE4B62;
$decval = 132856893168878908392858107806337797552646496659719421901212009234324825735155514752953659007046051762015837573054234373280857210927786352136954540661039349037;
$ekey = 17015856671840270814703083166700832466708434688398159492865869052254429702469005692375490954536945473805928459606366900422209404630631833578331839995415282199;
$nkey = 132856893168878908392858107806337797552646496659719421901212009234324825735155514752953659007046051762015837573054234373280857210927786352136954540661039349037;
$number = 830091C42185CF8098C776C07EC4CEC2B3AB00000000000000000000000000000000000000000000000000000000000000000000000000000000;
$decval = 16223021555929383070480013095972281213583416;
$m = 16223021555929383070480013095972281213583416;
$a = 29361941912784965200415162794933796133665148231974755278917713972806566988621741365002269159837124965309315807079653211532282900574313878015577496513011954957;
$hexval = 088DE9E67BD597386E8A5A55FD30E305171752A9029F10C327022EA021069A781166D0165CF3A9AFF67BD8CFBC4A06882906CD1F4A99A9A466F44F10F79435B6B50D;
$result = b50d35b6f7944f1066f4a9a44a99cd1f29060688bc4ad8cff67ba9af5cf3d01611669a7821062ea0270210c3029f52a91717e305fd305a556e8a97387bd5e9e6088d;
<?xml version="1.0"?>
<w3s.request><reqn>141928054850800</reqn><wmid>664936584080</wmid><sign>b50d35b6f7944f1066f4a9a44a99cd1f29060688bc4ad8cff67ba9af5cf3d01611669a7821062ea0270210c3029f52a91717e305fd305a556e8a97387bd5e9e6088d</sign><trans><tranid>3</tranid><pursesrc>R245860140614</pursesrc><pursedest>R408800828608</pursedest><amount>300</amount><period>0</period><pcode></pcode><desc>&#x412;&#x44B;&#x432;&#x43E;&#x434; &#x441;&#x440;&#x435;&#x434;&#x441;&#x442;&#x432; #3 (Buy-Script.Ru)</desc><wminvid>0</wminvid><onlyauth>1</onlyauth></trans></w3s.request>

<?xml version="1.0" encoding="windows-1251"?><w3s.response><reqn>141928054850800</reqn><retval>-110</retval><retdesc>access denied ip:95.215.223.100 step=7</retdesc></w3s.response>

$ekey = 17015856671840270814703083166700832466708434688398159492865869052254429702469005692375490954536945473805928459606366900422209404630631833578331839995415282199;
$nkey = 132856893168878908392858107806337797552646496659719421901212009234324825735155514752953659007046051762015837573054234373280857210927786352136954540661039349037;
$number = 8300D058A712F1B522412AE5058A6019ECD300000000000000000000000000000000000000000000000000000000000000000000000000000000;
$decval = 5384140382050070686874658709188654291288120;
$m = 5384140382050070686874658709188654291288120;
$a = 86656250790925048600904195694860530507589051285612425280770939317649224707259061086466834537557193812031014340342934865221091963251325453472070825868759591075;
$hexval = 193F1E52AA4952483FCA78F59E2F26DCA8BE512F65DB036D7990AC6A0E13057F521E2446E9A7264C2A828F94C7039FE122EE64EBA90A4670B966F8686391CAD2E8A3;
$result = e8a3cad26391f868b9664670a90a64eb22ee9fe1c7038f942a82264ce9a72446521e057f0e13ac6a7990036d65db512fa8be26dc9e2f78f53fca5248aa491e52193f;
<?xml version="1.0"?>
<w3s.request><reqn>141928054993742</reqn><wmid>664936584080</wmid><sign>e8a3cad26391f868b9664670a90a64eb22ee9fe1c7038f942a82264ce9a72446521e057f0e13ac6a7990036d65db512fa8be26dc9e2f78f53fca5248aa491e52193f</sign><trans><tranid>4</tranid><pursesrc>R245860140614</pursesrc><pursedest>R111111111111</pursedest><amount>200</amount><period>0</period><pcode></pcode><desc>&#x412;&#x44B;&#x432;&#x43E;&#x434; &#x441;&#x440;&#x435;&#x434;&#x441;&#x442;&#x432; #4 (Buy-Script.Ru)</desc><wminvid>0</wminvid><onlyauth>1</onlyauth></trans></w3s.request>

<?xml version="1.0" encoding="windows-1251"?><w3s.response><reqn>141928054993742</reqn><retval>-110</retval><retdesc>access denied ip:95.215.223.100 step=7</retdesc></w3s.response>

$this->math_use = bcmath5;
$this->md4_use = mhash;
$number = 712C666D20461A78FAEBF43BEECE53ED4C2074656879E2A07B339D79D4BB1503BFC04172BB6F31C69083AC25E6009C0069022A6CC8135DEB0C5508FF772EEB915F40;
$decval = 17015856671840270814703083166700832466708434688398159492865869052254429702469005692375490954536945473805928459606366900422209404630631833578331839995415282199;
$number = D2DBA0476FBDFA3FA1920E5B6A01DB0C0DF2187AF581E3CC63793022530369E1865F4E1BBBE42E99179EC13C40CD81B45904132C099F49D121237CB8978867BE4B62;
$decval = 132856893168878908392858107806337797552646496659719421901212009234324825735155514752953659007046051762015837573054234373280857210927786352136954540661039349037;
$this->math_use = bcmath5;
$this->md4_use = mhash;
$number = 712C666D20461A78FAEBF43BEECE53ED4C2074656879E2A07B339D79D4BB1503BFC04172BB6F31C69083AC25E6009C0069022A6CC8135DEB0C5508FF772EEB915F40;
$decval = 17015856671840270814703083166700832466708434688398159492865869052254429702469005692375490954536945473805928459606366900422209404630631833578331839995415282199;
$number = D2DBA0476FBDFA3FA1920E5B6A01DB0C0DF2187AF581E3CC63793022530369E1865F4E1BBBE42E99179EC13C40CD81B45904132C099F49D121237CB8978867BE4B62;
$decval = 132856893168878908392858107806337797552646496659719421901212009234324825735155514752953659007046051762015837573054234373280857210927786352136954540661039349037;
$this->math_use = bcmath5;
$this->md4_use = mhash;
$number = 712C666D20461A78FAEBF43BEECE53ED4C2074656879E2A07B339D79D4BB1503BFC04172BB6F31C69083AC25E6009C0069022A6CC8135DEB0C5508FF772EEB915F40;
$decval = 17015856671840270814703083166700832466708434688398159492865869052254429702469005692375490954536945473805928459606366900422209404630631833578331839995415282199;
$number = D2DBA0476FBDFA3FA1920E5B6A01DB0C0DF2187AF581E3CC63793022530369E1865F4E1BBBE42E99179EC13C40CD81B45904132C099F49D121237CB8978867BE4B62;
$decval = 132856893168878908392858107806337797552646496659719421901212009234324825735155514752953659007046051762015837573054234373280857210927786352136954540661039349037;
$this->math_use = bcmath5;
$this->md4_use = mhash;
$number = 712C666D20461A78FAEBF43BEECE53ED4C2074656879E2A07B339D79D4BB1503BFC04172BB6F31C69083AC25E6009C0069022A6CC8135DEB0C5508FF772EEB915F40;
$decval = 17015856671840270814703083166700832466708434688398159492865869052254429702469005692375490954536945473805928459606366900422209404630631833578331839995415282199;
$number = D2DBA0476FBDFA3FA1920E5B6A01DB0C0DF2187AF581E3CC63793022530369E1865F4E1BBBE42E99179EC13C40CD81B45904132C099F49D121237CB8978867BE4B62;
$decval = 132856893168878908392858107806337797552646496659719421901212009234324825735155514752953659007046051762015837573054234373280857210927786352136954540661039349037;
$ekey = 17015856671840270814703083166700832466708434688398159492865869052254429702469005692375490954536945473805928459606366900422209404630631833578331839995415282199;
$nkey = 132856893168878908392858107806337797552646496659719421901212009234324825735155514752953659007046051762015837573054234373280857210927786352136954540661039349037;
$number = 8300FA7BCF19CA46184E9505490B3FB82DD200000000000000000000000000000000000000000000000000000000000000000000000000000000;
$decval = 3991698191983613629463906719566085378474040;
$m = 3991698191983613629463906719566085378474040;
$a = 115122178551685113898982753510644386277876775100426613634952232170807989383619341309224173385203424565999262581870310611634562230409047889790361004502779667341;
$hexval = 218A344F345CB142564E28943FBC612A45479186C46258DA6BD173A1212C5B75022A5828B360FB4FB26F7C9663C010ED702E78FC81FA4F0ACF6833CF24B01DB7A38D;
$result = a38d1db724b033cfcf684f0a81fa78fc702e10ed63c07c96b26ffb4fb3605828022a5b75212c73a16bd158dac46291864547612a3fbc2894564eb142345c344f218a;
<?xml version="1.0"?>
<w3s.request><reqn>146221366462288</reqn><wmid>664936584080</wmid><sign>a38d1db724b033cfcf684f0a81fa78fc702e10ed63c07c96b26ffb4fb3605828022a5b75212c73a16bd158dac46291864547612a3fbc2894564eb142345c344f218a</sign><trans><tranid>5</tranid><pursesrc>R245860140614</pursesrc><pursedest>R408800828608</pursedest><amount>5</amount><period>0</period><pcode></pcode><desc>&#x412;&#x44B;&#x432;&#x43E;&#x434; &#x441;&#x440;&#x435;&#x434;&#x441;&#x442;&#x432; (5 WMR; #5)</desc><wminvid>0</wminvid><onlyauth>1</onlyauth></trans></w3s.request>

<curl>
<errno>6</errno>
<error>Could not resolve host: w3s.webmoney.ru</error>
</curl>

